<?xml version="1.0" encoding="UTF-8"?>
<!-- Generated by org.testng.reporters.JUnitReportReporter -->
<testsuite hostname="Venba" failures="0" tests="3" name="BaseClass" time="8.613" errors="0" timestamp="2023-07-02T21:26:20 IST" skipped="0">
  <testcase classname="BaseClass" name="Test1" time="2.631"/>
  <system-out/>
  <testcase classname="BaseClass" name="Test2" time="3.476"/>
  <system-out/>
  <testcase classname="BaseClass" name="navigatoURL" time="2.506"/>
  <system-out/>
</testsuite> <!-- BaseClass -->
